# JRE version: Java(TM) SE Runtime Environment (8.0_181-b13) (build 1.8.0_181-b13)
# Java VM: Java HotSpot(TM) 64-Bit Server VM (25.181-b13 mixed mode windows-amd64 compressed oops)
Heap:
 PSYoungGen      total 61440K, used 256K [0x00000000d5980000, 0x00000000da900000, 0x0000000100000000)
  eden space 60928K, 0% used [0x00000000d5980000,0x00000000d5980000,0x00000000d9500000)
  from space 512K, 50% used [0x00000000da880000,0x00000000da8c0000,0x00000000da900000)
  to   space 512K, 0% used [0x00000000da800000,0x00000000da800000,0x00000000da880000)
 ParOldGen       total 132608K, used 128161K [0x0000000080c00000, 0x0000000088d80000, 0x00000000d5980000)
  object space 132608K, 96% used [0x0000000080c00000,0x0000000088928538,0x0000000088d80000)
 Metaspace       used 13418K, capacity 13688K, committed 14080K, reserved 1060864K
  class space    used 1584K, capacity 1677K, committed 1792K, reserved 1048576K
GC Heap History (10 events):
Event: 3467.293 GC heap after
Heap after GC invocations=21342 (full 162):
 PSYoungGen      total 53760K, used 256K [0x00000000d5980000, 0x00000000da900000, 0x0000000100000000)
  eden space 53248K, 0% used [0x00000000d5980000,0x00000000d5980000,0x00000000d8d80000)
  from space 512K, 50% used [0x00000000da880000,0x00000000da8c0000,0x00000000da900000)
  to   space 512K, 0% used [0x00000000da800000,0x00000000da800000,0x00000000da880000)
 ParOldGen       total 132608K, used 117610K [0x0000000080c00000, 0x0000000088d80000, 0x00000000d5980000)
  object space 132608K, 88% used [0x0000000080c00000,0x0000000087eda938,0x0000000088d80000)
 Metaspace       used 13418K, capacity 13688K, committed 14080K, reserved 1060864K
  class space    used 1584K, capacity 1677K, committed 1792K, reserved 1048576K
}
Event: 3467.444 GC heap before
{Heap before GC invocations=21343 (full 162):
 PSYoungGen      total 53760K, used 53504K [0x00000000d5980000, 0x00000000da900000, 0x0000000100000000)
  eden space 53248K, 100% used [0x00000000d5980000,0x00000000d8d80000,0x00000000d8d80000)
  from space 512K, 50% used [0x00000000da880000,0x00000000da8c0000,0x00000000da900000)
  to   space 512K, 0% used [0x00000000da800000,0x00000000da800000,0x00000000da880000)
 ParOldGen       total 132608K, used 117610K [0x0000000080c00000, 0x0000000088d80000, 0x00000000d5980000)
  object space 132608K, 88% used [0x0000000080c00000,0x0000000087eda938,0x0000000088d80000)
 Metaspace       used 13418K, capacity 13688K, committed 14080K, reserved 1060864K
  class space    used 1584K, capacity 1677K, committed 1792K, reserved 1048576K
Event: 3467.445 GC heap after
Heap after GC invocations=21343 (full 162):
 PSYoungGen      total 53248K, used 256K [0x00000000d5980000, 0x00000000da900000, 0x0000000100000000)
  eden space 52736K, 0% used [0x00000000d5980000,0x00000000d5980000,0x00000000d8d00000)
  from space 512K, 50% used [0x00000000da800000,0x00000000da840000,0x00000000da880000)
  to   space 512K, 0% used [0x00000000da880000,0x00000000da880000,0x00000000da900000)
 ParOldGen       total 132608K, used 117618K [0x0000000080c00000, 0x0000000088d80000, 0x00000000d5980000)
  object space 132608K, 88% used [0x0000000080c00000,0x0000000087edc938,0x0000000088d80000)
 Metaspace       used 13418K, capacity 13688K, committed 14080K, reserved 1060864K
  class space    used 1584K, capacity 1677K, committed 1792K, reserved 1048576K
}
Event: 3467.596 GC heap before
{Heap before GC invocations=21344 (full 162):
 PSYoungGen      total 53248K, used 52992K [0x00000000d5980000, 0x00000000da900000, 0x0000000100000000)
  eden space 52736K, 100% used [0x00000000d5980000,0x00000000d8d00000,0x00000000d8d00000)
  from space 512K, 50% used [0x00000000da800000,0x00000000da840000,0x00000000da880000)
  to   space 512K, 0% used [0x00000000da880000,0x00000000da880000,0x00000000da900000)
 ParOldGen       total 132608K, used 117618K [0x0000000080c00000, 0x0000000088d80000, 0x00000000d5980000)
  object space 132608K, 88% used [0x0000000080c00000,0x0000000087edc938,0x0000000088d80000)
 Metaspace       used 13418K, capacity 13688K, committed 14080K, reserved 1060864K
  class space    used 1584K, capacity 1677K, committed 1792K, reserved 1048576K
Event: 3467.596 GC heap after
Heap after GC invocations=21344 (full 162):
 PSYoungGen      total 52736K, used 494K [0x00000000d5980000, 0x00000000da900000, 0x0000000100000000)
  eden space 52224K, 0% used [0x00000000d5980000,0x00000000d5980000,0x00000000d8c80000)
  from space 512K, 96% used [0x00000000da880000,0x00000000da8fbb40,0x00000000da900000)
  to   space 512K, 0% used [0x00000000da800000,0x00000000da800000,0x00000000da880000)
 ParOldGen       total 132608K, used 117761K [0x0000000080c00000, 0x0000000088d80000, 0x00000000d5980000)
  object space 132608K, 88% used [0x0000000080c00000,0x0000000087f006d8,0x0000000088d80000)
 Metaspace       used 13418K, capacity 13688K, committed 14080K, reserved 1060864K
  class space    used 1584K, capacity 1677K, committed 1792K, reserved 1048576K
}
Event: 3467.743 GC heap before
{Heap before GC invocations=21345 (full 162):
 PSYoungGen      total 52736K, used 52718K [0x00000000d5980000, 0x00000000da900000, 0x0000000100000000)
  eden space 52224K, 100% used [0x00000000d5980000,0x00000000d8c80000,0x00000000d8c80000)
  from space 512K, 96% used [0x00000000da880000,0x00000000da8fbb40,0x00000000da900000)
  to   space 512K, 0% used [0x00000000da800000,0x00000000da800000,0x00000000da880000)
 ParOldGen       total 132608K, used 117761K [0x0000000080c00000, 0x0000000088d80000, 0x00000000d5980000)
  object space 132608K, 88% used [0x0000000080c00000,0x0000000087f006d8,0x0000000088d80000)
 Metaspace       used 13418K, capacity 13688K, committed 14080K, reserved 1060864K
  class space    used 1584K, capacity 1677K, committed 1792K, reserved 1048576K
Event: 3467.744 GC heap after
Heap after GC invocations=21345 (full 162):
 PSYoungGen      total 52224K, used 493K [0x00000000d5980000, 0x00000000da900000, 0x0000000100000000)
  eden space 51712K, 0% used [0x00000000d5980000,0x00000000d5980000,0x00000000d8c00000)
  from space 512K, 96% used [0x00000000da800000,0x00000000da87b560,0x00000000da880000)
  to   space 512K, 0% used [0x00000000da880000,0x00000000da880000,0x00000000da900000)
 ParOldGen       total 132608K, used 118604K [0x0000000080c00000, 0x0000000088d80000, 0x00000000d5980000)
  object space 132608K, 89% used [0x0000000080c00000,0x0000000087fd3348,0x0000000088d80000)
 Metaspace       used 13418K, capacity 13688K, committed 14080K, reserved 1060864K
  class space    used 1584K, capacity 1677K, committed 1792K, reserved 1048576K
}
Event: 3467.890 GC heap before
{Heap before GC invocations=21346 (full 162):
 PSYoungGen      total 52224K, used 52205K [0x00000000d5980000, 0x00000000da900000, 0x0000000100000000)
  eden space 51712K, 100% used [0x00000000d5980000,0x00000000d8c00000,0x00000000d8c00000)
  from space 512K, 96% used [0x00000000da800000,0x00000000da87b560,0x00000000da880000)
  to   space 512K, 0% used [0x00000000da880000,0x00000000da880000,0x00000000da900000)
 ParOldGen       total 132608K, used 118604K [0x0000000080c00000, 0x0000000088d80000, 0x00000000d5980000)
  object space 132608K, 89% used [0x0000000080c00000,0x0000000087fd3348,0x0000000088d80000)
 Metaspace       used 13418K, capacity 13688K, committed 14080K, reserved 1060864K
  class space    used 1584K, capacity 1677K, committed 1792K, reserved 1048576K
Event: 3467.893 GC heap after
Heap after GC invocations=21346 (full 162):
 PSYoungGen      total 61440K, used 256K [0x00000000d5980000, 0x00000000da900000, 0x0000000100000000)
  eden space 60928K, 0% used [0x00000000d5980000,0x00000000d5980000,0x00000000d9500000)
  from space 512K, 50% used [0x00000000da880000,0x00000000da8c0000,0x00000000da900000)
  to   space 512K, 0% used [0x00000000da800000,0x00000000da800000,0x00000000da880000)
 ParOldGen       total 132608K, used 128161K [0x0000000080c00000, 0x0000000088d80000, 0x00000000d5980000)
  object space 132608K, 96% used [0x0000000080c00000,0x0000000088928538,0x0000000088d80000)
 Metaspace       used 13418K, capacity 13688K, committed 14080K, reserved 1060864K
  class space    used 1584K, capacity 1677K, committed 1792K, reserved 1048576K
}
Event: 3467.893 GC heap before
{Heap before GC invocations=21347 (full 163):
 PSYoungGen      total 61440K, used 256K [0x00000000d5980000, 0x00000000da900000, 0x0000000100000000)
  eden space 60928K, 0% used [0x00000000d5980000,0x00000000d5980000,0x00000000d9500000)
  from space 512K, 50% used [0x00000000da880000,0x00000000da8c0000,0x00000000da900000)
  to   space 512K, 0% used [0x00000000da800000,0x00000000da800000,0x00000000da880000)
 ParOldGen       total 132608K, used 128161K [0x0000000080c00000, 0x0000000088d80000, 0x00000000d5980000)
  object space 132608K, 96% used [0x0000000080c00000,0x0000000088928538,0x0000000088d80000)
 Metaspace       used 13418K, capacity 13688K, committed 14080K, reserved 1060864K
  class space    used 1584K, capacity 1677K, committed 1792K, reserved 1048576K

